Reading pref.tcl

# 2024.2

# vsim -postsimdataflow -debugdb -c -voptargs=""+acc"" tb -do "modelsim_framework.do" -gOUTPUT_TRACE=ms.trace 
# Start time: 16:54:09 on Oct 23,2024
# ** Note: (vsim-3812) Design is being optimized...
# ** Note: (vsim-8611) Generating debug db.
# ** Warning: (vopt-10587) Some optimizations are turned off because the +acc switch is in effect. This will cause your simulation to run slowly. Please use -access/-debug to maintain needed visibility. The +acc switch would be deprecated in a future release.
# Support of the MGLS_LICENSE_FILE and LM_LICENSE_FILE licensing environment variables will be discontinued starting with the 2025.1 release. Please update to using the SALT_LICENSE_SERVER variable.
# Please contact Siemens EDA Customer Support (https://support.sw.siemens.com/) for assistance.
# ** Note: (vopt-4301) Memory core inferred for signal 'ram' width=32, depth=1024, type=RAM at location proj/src/TopLevel/mem.vhd:35
# ** Note: (vsim-12126) Error and warning message counts have been restored: Errors=0, Warnings=1.
# //  Questa Sim-64
# //  Version 2024.2 linux_x86_64 May 20 2024
# //
# // Unpublished work. Copyright 2024 Siemens
# //
# // This material contains trade secrets or otherwise confidential information
# // owned by Siemens Industry Software Inc. or its affiliates (collectively,
# // "SISW"), or its licensors. Access to and use of this information is strictly
# // limited as set forth in the Customer's applicable agreements with SISW.
# //
# // This material may not be copied, distributed, or otherwise disclosed outside
# // of the Customer's facilities without the express written permission of SISW,
# // and may not be used in any way not expressly authorized by SISW.
# //
# Loading std.standard
# Loading std.textio(body)
# Loading ieee.std_logic_1164(body)
# Loading ieee.std_logic_textio(body)
# Loading std.env(body)
# Loading work.tb(mixed)#1
# Loading work.mips_types(body)
# Loading work.mips_processor(structure)#1
# Loading ieee.numeric_std(body)
# Loading work.mem(rtl)#1
# Loading work.mux2t1_5(structural)#1
# Loading work.mux2t1(behavioral)#1
# Loading work.reg_file(structure)#1
# Loading work.decoder_32(behavioral)#1
# Loading work.n_reg(structural)#1
# Loading work.dffg(mixed)#1
# Loading work.mux_32(behavioral)#1
# Loading work.extenders(behavioral)#1
# Loading work.mux2t1_n(structural)#1
# Loading work.alu_control(behavioral)#1
# Loading work.alu(mixed)#1
# Loading work.fetch_logic(behavioral)#1
# Loading work.control_logic(behavioral)#1
# ** Note: (vsim-8900) Creating design debug database vsim.dbg.
# do modelsim_framework.do
# ** Warning: NUMERIC_STD.TO_INTEGER: metavalue detected, returning 0
#    Time: 0 ns  Iteration: 0  Instance: /tb/MyMips/control_component
# ** Warning: NUMERIC_STD.TO_INTEGER: metavalue detected, returning 0
#    Time: 0 ns  Iteration: 0  Instance: /tb/MyMips/control_component
# ** Warning: NUMERIC_STD.TO_INTEGER: metavalue detected, returning 0
#    Time: 0 ns  Iteration: 0  Instance: /tb/MyMips/DMem
# ** Warning: NUMERIC_STD.TO_INTEGER: metavalue detected, returning 0
#    Time: 0 ns  Iteration: 0  Instance: /tb/MyMips/IMem
# ** Warning: NUMERIC_STD.TO_INTEGER: metavalue detected, returning 0
#    Time: 0 ns  Iteration: 5  Instance: /tb/MyMips/DMem
# ** Warning: NUMERIC_STD.TO_INTEGER: metavalue detected, returning 0
#    Time: 0 ns  Iteration: 7  Instance: /tb/MyMips/DMem
# ** Note: Data structure takes 53558232 bytes of memory
#          Process time 0.03 seconds
#          stop
#    Time: 240 ns  Iteration: 1  Instance: /tb
# Break in Process P_DUMP_STATE at /home/jayson04/cpre381-proj1/cpre381-toolflow/internal/testpy/tb.vhd line 150
# Stopped at /home/jayson04/cpre381-proj1/cpre381-toolflow/internal/testpy/tb.vhd line 150
# End time: 16:54:10 on Oct 23,2024, Elapsed time: 0:00:01
# Errors: 0, Warnings: 7
Support of the MGLS_LICENSE_FILE and LM_LICENSE_FILE licensing environment variables will be discontinued starting with the 2025.1 release. Please update to using the SALT_LICENSE_SERVER variable.
Please contact Siemens EDA Customer Support (https://support.sw.siemens.com/) for assistance.
