Warning (292006): Can't contact license server "27008@io.ece.iastate.edu" -- this server will be ignored.
Warning (292006): Can't contact license server "1717@io.ece.iastate.edu" -- this server will be ignored.
Info: *******************************************************************
Info: Running Quartus Prime Analysis & Synthesis
    Info: Version 20.1.0 Build 711 06/05/2020 SJ Lite Edition
    Info: Copyright (C) 2020  Intel Corporation. All rights reserved.
    Info: Your use of Intel Corporation's design tools, logic functions 
    Info: and other software and tools, and any partner logic 
    Info: functions, and any output files from any of the foregoing 
    Info: (including device programming or simulation files), and any 
    Info: associated documentation or information are expressly subject 
    Info: to the terms and conditions of the Intel Program License 
    Info: Subscription Agreement, the Intel Quartus Prime License Agreement,
    Info: the Intel FPGA IP License Agreement, or other applicable license
    Info: agreement, including, without limitation, that your use is for
    Info: the sole purpose of programming logic devices manufactured by
    Info: Intel and sold by Intel or its authorized distributors.  Please
    Info: refer to the applicable agreement for further details, at
    Info: https://fpgasoftware.intel.com/eula.
    Info: Processing started: Sat Oct 26 00:32:14 2024
Info: Command: quartus_map --read_settings_files=on --write_settings_files=off toolflow -c toolflow
Error (20004): Your design targets the device family "Cyclone IV E". The specified family is not a valid device family, is not installed, or is not supported in this version of the Quartus Prime software. If you restored a project from an archived version, your project was successfully restored, but you still must specify or install a supported device family.
Error: Quartus Prime Analysis & Synthesis was unsuccessful. 1 error, 2 warnings
    Error: Peak virtual memory: 294 megabytes
    Error: Processing ended: Sat Oct 26 00:32:14 2024
    Error: Elapsed time: 00:00:00
    Error: Total CPU time (on all processors): 00:00:00
