Reading pref.tcl

# 2024.2

# vsim -postsimdataflow -debugdb -c -voptargs=""+acc"" tb -do "modelsim_framework.do" -gOUTPUT_TRACE=ms.trace 
# Start time: 15:02:44 on Oct 23,2024
# ** Note: (vsim-3812) Design is being optimized...
# ** Note: (vsim-8611) Generating debug db.
# ** Warning: (vopt-10587) Some optimizations are turned off because the +acc switch is in effect. This will cause your simulation to run slowly. Please use -access/-debug to maintain needed visibility. The +acc switch would be deprecated in a future release.
# Support of the MGLS_LICENSE_FILE and LM_LICENSE_FILE licensing environment variables will be discontinued starting with the 2025.1 release. Please update to using the SALT_LICENSE_SERVER variable.
# Please contact Siemens EDA Customer Support (https://support.sw.siemens.com/) for assistance.
# ** Error (suppressible): ../../proj/src/Muxes/mux2t1_N.vhd(37): (vopt-1270) Bad default binding for component instance "MUXI: mux2t1".
#  (Component port "o_O" is not on the entity "work.mux2t1".)
#  (Entity is selected because it is in the same library as the design unit that contains the component.)
# ** Error (suppressible): ../../proj/src/Muxes/mux2t1_N.vhd(37): (vopt-1270) Bad default binding for component instance "MUXI: mux2t1".
#  (Component port "o_O" is not on the entity "work.mux2t1".)
#  (Entity is selected because it is in the same library as the design unit that contains the component.)
# ** Error (suppressible): ../../proj/src/Muxes/mux2t1_N.vhd(37): (vopt-1270) Bad default binding for component instance "MUXI: mux2t1".
#  (Component port "o_O" is not on the entity "work.mux2t1".)
#  (Entity is selected because it is in the same library as the design unit that contains the component.)
# ** Error (suppressible): ../../proj/src/Muxes/mux2t1_N.vhd(37): (vopt-1270) Bad default binding for component instance "MUXI: mux2t1".
#  (Component port "o_O" is not on the entity "work.mux2t1".)
#  (Entity is selected because it is in the same library as the design unit that contains the component.)
# ** Error (suppressible): ../../proj/src/Muxes/mux2t1_N.vhd(37): (vopt-1270) Bad default binding for component instance "MUXI: mux2t1".
#  (Component port "o_O" is not on the entity "work.mux2t1".)
#  (Entity is selected because it is in the same library as the design unit that contains the component.)
# ** Error (suppressible): ../../proj/src/Muxes/mux2t1_N.vhd(37): (vopt-1270) Bad default binding for component instance "MUXI: mux2t1".
#  (Component port "o_O" is not on the entity "work.mux2t1".)
#  (Entity is selected because it is in the same library as the design unit that contains the component.)
# ** Error (suppressible): ../../proj/src/Muxes/mux2t1_N.vhd(37): (vopt-1270) Bad default binding for component instance "MUXI: mux2t1".
#  (Component port "o_O" is not on the entity "work.mux2t1".)
#  (Entity is selected because it is in the same library as the design unit that contains the component.)
# ** Error (suppressible): ../../proj/src/Muxes/mux2t1_N.vhd(37): (vopt-1270) Bad default binding for component instance "MUXI: mux2t1".
#  (Component port "o_O" is not on the entity "work.mux2t1".)
#  (Entity is selected because it is in the same library as the design unit that contains the component.)
# ** Error (suppressible): ../../proj/src/Muxes/mux2t1_N.vhd(37): (vopt-1270) Bad default binding for component instance "MUXI: mux2t1".
#  (Component port "o_O" is not on the entity "work.mux2t1".)
#  (Entity is selected because it is in the same library as the design unit that contains the component.)
# ** Error (suppressible): ../../proj/src/Muxes/mux2t1_N.vhd(37): (vopt-1270) Bad default binding for component instance "MUXI: mux2t1".
#  (Component port "o_O" is not on the entity "work.mux2t1".)
#  (Entity is selected because it is in the same library as the design unit that contains the component.)
# ** Error (suppressible): ../../proj/src/Muxes/mux2t1_N.vhd(37): (vopt-1270) Bad default binding for component instance "MUXI: mux2t1".
#  (Component port "o_O" is not on the entity "work.mux2t1".)
#  (Entity is selected because it is in the same library as the design unit that contains the component.)
# ** Error (suppressible): ../../proj/src/Muxes/mux2t1_N.vhd(37): (vopt-1270) Bad default binding for component instance "MUXI: mux2t1".
#  (Component port "o_O" is not on the entity "work.mux2t1".)
#  (Entity is selected because it is in the same library as the design unit that contains the component.)
# ** Error (suppressible): ../../proj/src/Muxes/mux2t1_N.vhd(37): (vopt-1270) Bad default binding for component instance "MUXI: mux2t1".
#  (Component port "o_O" is not on the entity "work.mux2t1".)
#  (Entity is selected because it is in the same library as the design unit that contains the component.)
# ** Error (suppressible): ../../proj/src/Muxes/mux2t1_N.vhd(37): (vopt-1270) Bad default binding for component instance "MUXI: mux2t1".
#  (Component port "o_O" is not on the entity "work.mux2t1".)
#  (Entity is selected because it is in the same library as the design unit that contains the component.)
# ** Error (suppressible): ../../proj/src/Muxes/mux2t1_N.vhd(37): (vopt-1270) Bad default binding for component instance "MUXI: mux2t1".
#  (Component port "o_O" is not on the entity "work.mux2t1".)
#  (Entity is selected because it is in the same library as the design unit that contains the component.)
# ** Error (suppressible): ../../proj/src/Muxes/mux2t1_N.vhd(37): (vopt-1270) Bad default binding for component instance "MUXI: mux2t1".
#  (Component port "o_O" is not on the entity "work.mux2t1".)
#  (Entity is selected because it is in the same library as the design unit that contains the component.)
# ** Error (suppressible): ../../proj/src/Muxes/mux2t1_N.vhd(37): (vopt-1270) Bad default binding for component instance "MUXI: mux2t1".
#  (Component port "o_O" is not on the entity "work.mux2t1".)
#  (Entity is selected because it is in the same library as the design unit that contains the component.)
# ** Error (suppressible): ../../proj/src/Muxes/mux2t1_N.vhd(37): (vopt-1270) Bad default binding for component instance "MUXI: mux2t1".
#  (Component port "o_O" is not on the entity "work.mux2t1".)
#  (Entity is selected because it is in the same library as the design unit that contains the component.)
# ** Error (suppressible): ../../proj/src/Muxes/mux2t1_N.vhd(37): (vopt-1270) Bad default binding for component instance "MUXI: mux2t1".
#  (Component port "o_O" is not on the entity "work.mux2t1".)
#  (Entity is selected because it is in the same library as the design unit that contains the component.)
# ** Error (suppressible): ../../proj/src/Muxes/mux2t1_N.vhd(37): (vopt-1270) Bad default binding for component instance "MUXI: mux2t1".
#  (Component port "o_O" is not on the entity "work.mux2t1".)
#  (Entity is selected because it is in the same library as the design unit that contains the component.)
# ** Error (suppressible): ../../proj/src/Muxes/mux2t1_N.vhd(37): (vopt-1270) Bad default binding for component instance "MUXI: mux2t1".
#  (Component port "o_O" is not on the entity "work.mux2t1".)
#  (Entity is selected because it is in the same library as the design unit that contains the component.)
# ** Error (suppressible): ../../proj/src/Muxes/mux2t1_N.vhd(37): (vopt-1270) Bad default binding for component instance "MUXI: mux2t1".
#  (Component port "o_O" is not on the entity "work.mux2t1".)
#  (Entity is selected because it is in the same library as the design unit that contains the component.)
# ** Error (suppressible): ../../proj/src/Muxes/mux2t1_N.vhd(37): (vopt-1270) Bad default binding for component instance "MUXI: mux2t1".
#  (Component port "o_O" is not on the entity "work.mux2t1".)
#  (Entity is selected because it is in the same library as the design unit that contains the component.)
# ** Error (suppressible): ../../proj/src/Muxes/mux2t1_N.vhd(37): (vopt-1270) Bad default binding for component instance "MUXI: mux2t1".
#  (Component port "o_O" is not on the entity "work.mux2t1".)
#  (Entity is selected because it is in the same library as the design unit that contains the component.)
# ** Error (suppressible): ../../proj/src/Muxes/mux2t1_N.vhd(37): (vopt-1270) Bad default binding for component instance "MUXI: mux2t1".
#  (Component port "o_O" is not on the entity "work.mux2t1".)
#  (Entity is selected because it is in the same library as the design unit that contains the component.)
# ** Error (suppressible): ../../proj/src/Muxes/mux2t1_N.vhd(37): (vopt-1270) Bad default binding for component instance "MUXI: mux2t1".
#  (Component port "o_O" is not on the entity "work.mux2t1".)
#  (Entity is selected because it is in the same library as the design unit that contains the component.)
# ** Error (suppressible): ../../proj/src/Muxes/mux2t1_N.vhd(37): (vopt-1270) Bad default binding for component instance "MUXI: mux2t1".
#  (Component port "o_O" is not on the entity "work.mux2t1".)
#  (Entity is selected because it is in the same library as the design unit that contains the component.)
# ** Error (suppressible): ../../proj/src/Muxes/mux2t1_N.vhd(37): (vopt-1270) Bad default binding for component instance "MUXI: mux2t1".
#  (Component port "o_O" is not on the entity "work.mux2t1".)
#  (Entity is selected because it is in the same library as the design unit that contains the component.)
# ** Error (suppressible): ../../proj/src/Muxes/mux2t1_N.vhd(37): (vopt-1270) Bad default binding for component instance "MUXI: mux2t1".
#  (Component port "o_O" is not on the entity "work.mux2t1".)
#  (Entity is selected because it is in the same library as the design unit that contains the component.)
# ** Error (suppressible): ../../proj/src/Muxes/mux2t1_N.vhd(37): (vopt-1270) Bad default binding for component instance "MUXI: mux2t1".
#  (Component port "o_O" is not on the entity "work.mux2t1".)
#  (Entity is selected because it is in the same library as the design unit that contains the component.)
# ** Error (suppressible): ../../proj/src/Muxes/mux2t1_N.vhd(37): (vopt-1270) Bad default binding for component instance "MUXI: mux2t1".
#  (Component port "o_O" is not on the entity "work.mux2t1".)
#  (Entity is selected because it is in the same library as the design unit that contains the component.)
# ** Error (suppressible): ../../proj/src/Muxes/mux2t1_N.vhd(37): (vopt-1270) Bad default binding for component instance "MUXI: mux2t1".
#  (Component port "o_O" is not on the entity "work.mux2t1".)
#  (Entity is selected because it is in the same library as the design unit that contains the component.)
# Optimization failed
# ** Note: (vsim-12126) Error and warning message counts have been restored: Errors=32, Warnings=1.
# Error loading design
Error loading design
# End time: 15:02:45 on Oct 23,2024, Elapsed time: 0:00:01
# Errors: 32, Warnings: 1
Support of the MGLS_LICENSE_FILE and LM_LICENSE_FILE licensing environment variables will be discontinued starting with the 2025.1 release. Please update to using the SALT_LICENSE_SERVER variable.
Please contact Siemens EDA Customer Support (https://support.sw.siemens.com/) for assistance.
